  Building 'Driver1' with toolset 'WindowsKernelModeDriver10.0' and the 'Universal' target platform.
  Stamping x64\Debug\Driver1.inf
  Stamping [Version] section with DriverVer=11/23/2020,2.29.5.562
  driver1.c
  wrapper.c
  Generating Code...
  Driver1.vcxproj -> D:\УНИК\5 сем\OSnSP\5\1\Driver1\x64\Debug\Driver1.sys
  Done Adding Additional Store
  Successfully signed: D:\\5 \OSnSP\5\1\Driver1\x64\Debug\Driver1.sys
  
  Driver is 'Universal'.
  .........................
  Signability test complete.
  
  Errors:
  None
  
  Warnings:
  None
  
  Catalog generation complete.
  D:\УНИК\5 сем\OSnSP\5\1\Driver1\x64\Debug\Driver1\driver1.cat
  Done Adding Additional Store
  Successfully signed: D:\\5 \OSnSP\5\1\Driver1\x64\Debug\Driver1\driver1.cat
  
